/*C11*/SET SCHEMA PUBLIC
alter table robo drop constraint FK56xwtcl8lqlym5i8ebepaphf6
drop table posicao if exists
drop table robo if exists
create table posicao (codigo bigint generated by default as identity (start with 1), cardeal varchar(255) not null, coordx integer not null, coordy integer not null, primary key (codigo))
create table robo (codigo bigint generated by default as identity (start with 1), nome varchar(30) not null, posicao_id bigint not null, primary key (codigo))
alter table robo add constraint FK56xwtcl8lqlym5i8ebepaphf6 foreign key (posicao_id) references posicao
INSERT INTO POSICAO VALUES(1,'N',0,0)
COMMIT
INSERT INTO POSICAO VALUES(2,'S',0,1)
COMMIT
INSERT INTO POSICAO VALUES(3,'W',0,3)
COMMIT
INSERT INTO POSICAO VALUES(4,'E',0,4)
COMMIT
INSERT INTO POSICAO VALUES(5,'N',0,5)
COMMIT
INSERT INTO ROBO VALUES(1,'Gigante de Ferro',1)
COMMIT
INSERT INTO ROBO VALUES(2,'Sonny',2)
COMMIT
INSERT INTO ROBO VALUES(3,'David',3)
COMMIT
INSERT INTO ROBO VALUES(4,'Bumblebee',4)
COMMIT
INSERT INTO ROBO VALUES(5,'Ultron',5)
COMMIT
DELETE FROM POSICAO WHERE CODIGO=1
INSERT INTO POSICAO VALUES(1,'S',2,0)
COMMIT
